MPASM 5.71              NEWPIC_8B_SIMPLE.ASM   4-12-2024  15:15:25         PAGE  1


LOC  OBJECT CODE     LINE SOURCE TEXT
  VALUE

                      00001 ; PIC16F877A Configuration Bit Settings
                      00002 ; Assembly source line config statements
                      00003 #include "p16f877a.inc"
                      00001         LIST
                      00002 
                      00003 ;==========================================================================
                      00004 ; Build date : Nov 17 2016
                      00005 ;  MPASM PIC16F877A processor include
                      00006 ; 
                      00007 ;  (c) Copyright 1999-2016 Microchip Technology, All rights reserved
                      00008 ;==========================================================================
                      00009 
                      00567         LIST
                      00004 ; CONFIG
                      00005 ; __config 0xFF71
2007   3F72           00006  __CONFIG _FOSC_HS & _WDTE_OFF & _PWRTE_ON & _BOREN_ON & _LVP_OFF & _CPD_OFF & _WRT_OFF & _CP_OFF
                      00007 
                      00008 #define BANK0   BCF STATUS,RP0
                      00009 #define BANK1   BSF STATUS,RP0
                      00010  
                      00011 ;nomeando posição da memória RAM 
                      00012  CBLOCK 0x20
  00000020            00013     FLAGS       ;0x20
  00000021            00014     CONTADOR2   ;0x21
  00000022            00015     UNIDADE     ;0x22
  00000023            00016     DEZENA      ;0x23
  00000024            00017     CENTENA
  00000025            00018     MILHAR
  00000026            00019     W_TEMP      ;0x24
  00000027            00020     STATUS_TEMP ;0x25
  00000028            00021     CONTADOR    ;0x26
                      00022  ENDC
                      00023  
                      00024 ;entradas
                      00025 #define     B_INICIAR       PORTB,0
                      00026 #define     B_PARAR         PORTB,1
                      00027 #define     B_ZERAR         PORTB,2
                      00028  
                      00029 ;saídas
                      00030 #define     DISPLAYS        PORTD
                      00031 #define     D_UNIDADE       PORTB,4
                      00032 #define     D_DEZENA        PORTB,5
                      00033 #define     D_CENTENA       PORTB,6
                      00034 #define     D_MILHAR        PORTB,7
                      00035  
                      00036 ;variáveis
                      00037 #define    JA_LI            FLAGS,0
                      00038 #define    INT_ATIVA        FLAGS,1
                      00039 #define    FIM_TEMPO        FLAGS,2
                      00040 #define    CONTANDO         FLAGS,3
                      00041 #define    FIM_LED          FLAGS,4 
                      00042 
                      00043 ;constantes 
MPASM 5.71              NEWPIC_8B_SIMPLE.ASM   4-12-2024  15:15:25         PAGE  2


LOC  OBJECT CODE     LINE SOURCE TEXT
  VALUE

  00000006            00044 V_TMR0      equ     .6
  00000064            00045 V_FILTRO    equ     .100
  0000007D            00046 V_CONT      equ     .125    
  00000002            00047 V_CONT2     equ     .2
                      00048 ;=== programa ==============
                      00049 RES_VECT    CODE    0x0000    ;vetor de reset, indica a posição inicial do programa na FLASH
0000   2???           00050     GOTO    INICIO
                      00051 
                      00052 ISR         CODE    0x0004      ; interrupt vector location
0004   00A6           00053     MOVWF   W_TEMP              ;salva o conteúdo de W em W_TEMP            
0005   0803           00054     MOVF    STATUS,W            ;W = STATUS
0006   00A7           00055     MOVWF   STATUS_TEMP         ;salva o conteúdo de STATUS em STATUS_TEMP
0007   1D0B           00056     BTFSS   INTCON,T0IF         ;testa se o indicador de interrupção por TMR0 está ativo
0008   2???           00057     GOTO    SAI_INTERRUPCAO     ;se não estiver, pula para SAI_INTERRUPCAO
0009   110B           00058     BCF     INTCON,T0IF         ;zera o flag indicador de interrupção por TMR0
000A   3006           00059     MOVLW   V_TMR0              ;W = V_TMR0
000B   0781           00060     ADDWF   TMR0,F              ;TMR0 = TMR0 + V_TMR0
000C   14A0           00061     BSF     INT_ATIVA           ;INT_ATIVA = 1
000D   0BA8           00062     DECFSZ  CONTADOR,F          ;decrementa CONTADAOR e testa se é zero
000E   2???           00063     GOTO    SAI_INTERRUPCAO     ;se não for zero, pula para SAI_INTERRUPCAO
000F   307D           00064     MOVLW   V_CONT              ;W = V_CONT
0010   00A8           00065     MOVWF   CONTADOR            ;CONTADOR = V_CONT
0011   1620           00066     BSF     FIM_LED             ;FIM_LED
0012   0BA1           00067     DECFSZ  CONTADOR2,F         ;decrementa CONTADOR2 e testa se é zero
0013   2???           00068     GOTO    SAI_INTERRUPCAO     ;se não for zero, pula para SAI_INTERRUPCAO
0014   1520           00069     BSF     FIM_TEMPO           ;FIM_TEMPO = 1
0015   3002           00070     MOVLW   V_CONT2             ;W = V_CONT2
0016   00A1           00071     MOVWF   CONTADOR2           ;CONTADOR2 = V_CONT2    
0017                  00072 SAI_INTERRUPCAO
0017   0827           00073     MOVF    STATUS_TEMP,W       ;W = STATUS_TEMP
0018   0083           00074     MOVWF   STATUS              ;restaura o conteúdo de STATUS
0019   0826           00075     MOVF    W_TEMP,W            ;restaura o conteúdo de W       
001A   0009           00076     RETFIE
                      00077     
001B                  00078 BUSCA_CODIGO
001B   0782           00079     ADDWF   PCL,F           
001C   343F           00080     RETLW   B'00111111'     ;63   
001D   3406           00081     RETLW   B'00000110'     ;6
001E   345B           00082     RETLW   B'01011011'     ;91
001F   344F           00083     RETLW   B'01001111'     ;79
0020   3466           00084     RETLW   B'01100110'     ;102
0021   346D           00085     RETLW   B'01101101'     ;109
0022   347D           00086     RETLW   B'01111101'     ;125
0023   3407           00087     RETLW   B'00000111'     ;7
0024   347F           00088     RETLW   B'01111111'     ;127
0025   346F           00089     RETLW   B'01101111'     ;111
                      00090     
0026                  00091 BUSCA_CODIGO2
0026   0782           00092     ADDWF   PCL,F           
0027   34BF           00093     RETLW   B'10111111'     ;63   
0028   3486           00094     RETLW   B'10000110'     ;6
0029   34DB           00095     RETLW   B'11011011'     ;91
002A   34CF           00096     RETLW   B'11001111'     ;79
MPASM 5.71              NEWPIC_8B_SIMPLE.ASM   4-12-2024  15:15:25         PAGE  3


LOC  OBJECT CODE     LINE SOURCE TEXT
  VALUE

002B   34E6           00097     RETLW   B'11100110'     ;102
002C   34ED           00098     RETLW   B'11101101'     ;109
002D   34FD           00099     RETLW   B'11111101'     ;125
002E   3487           00100     RETLW   B'10000111'     ;7
002F   34FF           00101     RETLW   B'11111111'     ;127
0030   34EF           00102     RETLW   B'11101111'     ;111
                      00103     
0031                  00104 INICIO  
0031   1683           00105     BANK1                   ;seleciona o banco 1 da memória RAM
0032   300F           00106     MOVLW   B'00001111'     ;W = 00001111
Message[302]: Register in operand not in bank 0.  Ensure that bank bits are correct.
0033   0086           00107     MOVWF   TRISB           ;TRISB = 00001111,configura os 4LSB como entrada e os 4MSB como saída
Message[302]: Register in operand not in bank 0.  Ensure that bank bits are correct.
0034   0188           00108     CLRF    TRISD           ;TRISD = 00000000,configura o PORTD como saída
0035   30D3           00109     MOVLW   B'11010011'     ;palavra de configuração do TMR0
Message[302]: Register in operand not in bank 0.  Ensure that bank bits are correct.
0036   0081           00110     MOVWF   OPTION_REG      ;carrega a palavra de configuração do TMR0 no OPTION_REG
0037   1283           00111     BANK0                   ;seleciona o banco 0 da memória RAM
0038   01A2           00112     CLRF    UNIDADE         ;UNIDADE = 0
0039   01A3           00113     CLRF    DEZENA          ;DEZENA = 0
003A   01A4           00114     CLRF    CENTENA
003B   01A5           00115     CLRF    MILHAR
003C   1206           00116     BCF     D_UNIDADE       ;apaga o display da UNIDADE
003D   1286           00117     BCF     D_DEZENA        ;apaga o display da DEZENA
003E   1306           00118     BCF     D_CENTENA       ;apaga o display da CENTENA
003F   1386           00119     BCF     D_MILHAR        ;apaga o display da MILHAR     
0040   168B           00120     BSF     INTCON,T0IE     ;permite atender interrupção por TMR0    
0041   178B           00121     BSF     INTCON,GIE      ;permite atender interrupções  
0042                  00122 LACO_PRINCIPAL
0042   18A0           00123     BTFSC   INT_ATIVA       ;testa se o bit indicador de tempo 4ms está ativo
0043   2???           00124     CALL    TROCA_DISPLAY   ;se INT_ATIVA = 1, chama sub-rotina TROCA_DISPLAY
0044   1DA0           00125     BTFSS   CONTANDO        ;testa se CONTANDO = 1
0045   2???           00126     GOTO    PARADO          ;se não, pule para PARADO     
0046   1C86           00127     BTFSS   B_PARAR         ;testa se o botão B_PARAR está liberado     
0047   2???           00128     GOTO    B_PARAR_PRESS   ;se pressionado pule para B_PARAR_PRESS
0048   1A20           00129     BTFSC   FIM_LED         ;testa se o FIM_LED = 0
0049   2???           00130     CALL    TROCA_LED       ;se FIM_LED = 1, chama a rotina de troca de estado do LED 
004A   1D20           00131     BTFSS   FIM_TEMPO       ;testa se o FIM_TEMPO = 1
004B   2???           00132     GOTO    LACO_PRINCIPAL  ;se FIM_TEMPO = 0, pula para  LACO_PRINCIPAL
004C   1120           00133     BCF     FIM_TEMPO       ;FIM_TEMPO = 0
004D   0AA2           00134     INCF    UNIDADE,F       ;UNIDADE++
004E   300A           00135     MOVLW   .10             ;W = 10 (B'00001010' ou 0x0A)
004F   0222           00136     SUBWF   UNIDADE,W       ;W = UNIDADE - W
0050   1C03           00137     BTFSS   STATUS,C        ;testa se o resultado é positivo
0051   2???           00138     GOTO    LACO_PRINCIPAL  ;se resutado for negativo, pula para LACO_PRINCIPAL
0052   01A2           00139     CLRF    UNIDADE         ;UNIDADE = 0
0053   0AA3           00140     INCF    DEZENA,F        ;DEZENA++
0054   300A           00141     MOVLW   .10             ;W = 10 (B'00001010' ou 0x0A)
0055   0223           00142     SUBWF   DEZENA,W        ;W = DEZENA - W
0056   1C03           00143     BTFSS   STATUS,C        ;testa se o resultado é negativo
0057   2???           00144     GOTO    LACO_PRINCIPAL          
0058   01A3           00145     CLRF    DEZENA          ;DEZENA = 0
0059   0AA4           00146     INCF    CENTENA,F       ;UNIDADE++
MPASM 5.71              NEWPIC_8B_SIMPLE.ASM   4-12-2024  15:15:25         PAGE  4


LOC  OBJECT CODE     LINE SOURCE TEXT
  VALUE

005A   300A           00147     MOVLW   .10             ;W = 10 (B'00001010' ou 0x0A)
005B   0224           00148     SUBWF   CENTENA,W       ;W = UNIDADE - W
005C   1C03           00149     BTFSS   STATUS,C        ;testa se o resultado é positivo
005D   2???           00150     GOTO    LACO_PRINCIPAL  ;se resutado for negativo, pula para LACO_PRINCIPAL
005E   01A4           00151     CLRF    CENTENA         ;UNIDADE = 0
005F   0AA5           00152     INCF    MILHAR,F        ;DEZENA++
0060   300A           00153     MOVLW   .10             ;W = 10 (B'00001010' ou 0x0A)
0061   0225           00154     SUBWF   MILHAR,W        ;W = DEZENA - W
0062   1803           00155     BTFSC   STATUS,C        ;testa se o resultado é negativo
0063   01A5           00156     CLRF    MILHAR          ;DEZENA = 0
0064   2???           00157     GOTO    LACO_PRINCIPAL  ;pula para LACO_PRINCIPAL  
                      00158   
0065                  00159 B_PARAR_PRESS
0065   11A0           00160     BCF     CONTANDO        ;CONTANDO = 0 
0066   2???           00161     GOTO    LACO_PRINCIPAL  ;pula para LACO_PRINCIPAL 
0067                  00162 PARADO
0067   1C06           00163     BTFSS   B_INICIAR       ;testa se o botão B_INICIAR está liberado
0068   2???           00164     GOTO    B_INICIAR_PRESS ;se pressionado pule para B_INICIAR_PRESS
0069   1906           00165     BTFSC   B_ZERAR         ;testa se o botão B_ZERAR está liberado
006A   2???           00166     GOTO    LACO_PRINCIPAL  ;se não pressionado pule para LACO_PRINCIPAL 
006B   01A2           00167     CLRF    UNIDADE         ;UNIDADE = 0  
006C   01A3           00168     CLRF    DEZENA          ;DEZENA = 0
006D   2???           00169     GOTO    LACO_PRINCIPAL  ;pula para LACO_PRINCIPAL
                      00170  
006E                  00171 B_INICIAR_PRESS
006E   15A0           00172     BSF     CONTANDO        ;CONTANDO = 1
006F   1120           00173     BCF     FIM_TEMPO       ;FIM_TEMPO = 0
0070   1220           00174     BCF     FIM_LED         ;FIM_LED = 0    
0071   307D           00175     MOVLW   V_CONT          ;W = V_CONT
0072   00A8           00176     MOVWF   CONTADOR        ;CONTADOR = V_CONT
0073   3002           00177     MOVLW   V_CONT2         ;W = V_CONT2
0074   00A1           00178     MOVWF   CONTADOR2       ;CONTADOR2 = V_CONT2
0075   2???           00179     GOTO    LACO_PRINCIPAL  ;pula para LACO_PRINCIPAL    
                      00180  
0076                  00181 TROCA_LED
0076   1220           00182     BCF     FIM_LED         ;FIM_LED = 0
0077   2???           00183     GOTO    ACENDE_LED      ;se LED = 0, pula para ACENDE_LED
0078   0008           00184     RETURN                  ;retorna da chamada de subrotina  
0079                  00185 ACENDE_LED
0079   0008           00186     RETURN                  ;retorna da chamada de subrotina
                      00187     
007A                  00188 TROCA_DISPLAY
007A   10A0           00189     BCF     INT_ATIVA       ;INT_ATIVA = 0
                      00190     
007B   1A06           00191     BTFSC   D_UNIDADE       ;testa se o display da UNIDADE está acesso
007C   2???           00192     GOTO    ACENDE_UNIDADE    ;se UNIDADE não estiver acesa, pula para TESTA_DEZENA
007D   1A86           00193     BTFSC   D_DEZENA
007E   2???           00194     GOTO    ACENDE_DEZENA
007F   1B06           00195     BTFSC   D_CENTENA
0080   2???           00196     GOTO    ACENDE_CENTENA
0081   2???           00197     GOTO    ACENDE_MILHAR
0082                  00198 ACENDE_DEZENA
0082   1206           00199     BCF     D_UNIDADE       ;apaga o display da UNIDADE
MPASM 5.71              NEWPIC_8B_SIMPLE.ASM   4-12-2024  15:15:25         PAGE  5


LOC  OBJECT CODE     LINE SOURCE TEXT
  VALUE

0083   1306           00200     BCF     D_CENTENA       ;apaga o display da UNIDADE
0084   1386           00201     BCF     D_MILHAR        ;apaga o display da UNIDADE
0085   1286           00202     BCF     D_DEZENA        ;apaga o display da UNIDADE
0086   0824           00203     MOVF    CENTENA,W       ;W = DEZENA
0087   2???           00204     CALL    BUSCA_CODIGO    ;chama a subrotina para buscar o código de 7 segmentos
0088   0088           00205     MOVWF   DISPLAYS        ;DISPLAYS = W (código de 7 segmentos)
0089   1706           00206     BSF     D_CENTENA       ;ativa o display da DEZENA
008A   0008           00207     RETURN                  ;retorna da chamada de subrotina
008B                  00208 ACENDE_UNIDADE
008B   1206           00209     BCF     D_UNIDADE       ;apaga o display da UNIDADE
008C   1306           00210     BCF     D_CENTENA       ;apaga o display da UNIDADE
008D   1386           00211     BCF     D_MILHAR        ;apaga o display da UNIDADE
008E   1286           00212     BCF     D_DEZENA        ;apaga o display da UNIDADE
008F   0823           00213     MOVF    DEZENA,W        ;W = DEZENA
0090   2???           00214     CALL    BUSCA_CODIGO2    ;chama a subrotina para buscar o código de 7 segmentos
0091   0088           00215     MOVWF   DISPLAYS        ;DISPLAYS = W (código de 7 segmentos)
0092   1686           00216     BSF     D_DEZENA        ;ativa o display da UNIDADE
0093   0008           00217     RETURN                  ;retorna da chamada de subrotina    
0094                  00218 ACENDE_CENTENA
0094   1206           00219     BCF     D_UNIDADE       ;apaga o display da UNIDADE
0095   1306           00220     BCF     D_CENTENA       ;apaga o display da UNIDADE
0096   1386           00221     BCF     D_MILHAR        ;apaga o display da UNIDADE
0097   1286           00222     BCF     D_DEZENA        ;apaga o display da UNIDADE
0098   0825           00223     MOVF    MILHAR,W        ;W = UNIDADE
0099   2???           00224     CALL    BUSCA_CODIGO    ;chama a subrotina para buscar o código de 7 segmentos
009A   0088           00225     MOVWF   DISPLAYS        ;DISPLAYS = W (código de 7 segmentos)
009B   1786           00226     BSF     D_MILHAR        ;ativa o display da UNIDADE
009C   0008           00227     RETURN                  ;retorna da chamada de subrotina  
009D                  00228 ACENDE_MILHAR
009D   1206           00229     BCF     D_UNIDADE       ;apaga o display da UNIDADE
009E   1306           00230     BCF     D_CENTENA       ;apaga o display da UNIDADE
009F   1386           00231     BCF     D_MILHAR        ;apaga o display da UNIDADE
00A0   1286           00232     BCF     D_DEZENA        ;apaga o display da UNIDADE
00A1   0822           00233     MOVF    UNIDADE,W       ;W = UNIDADE
00A2   2???           00234     CALL    BUSCA_CODIGO    ;chama a subrotina para buscar o código de 7 segmentos
00A3   0088           00235     MOVWF   DISPLAYS        ;DISPLAYS = W (código de 7 segmentos)
00A4   1606           00236     BSF     D_UNIDADE       ;ativa o display da UNIDADE
00A5   0008           00237     RETURN                  ;retorna da chamada de subrotina  
                      00238     
                      00239 
                      00240     
3F72                  00241     END
MPASM 5.71              NEWPIC_8B_SIMPLE.ASM   4-12-2024  15:15:25         PAGE  6


SYMBOL TABLE
  LABEL                             VALUE 

ACENDE_CENTENA                    00000094
ACENDE_DEZENA                     00000082
ACENDE_LED                        00000079
ACENDE_MILHAR                     0000009D
ACENDE_UNIDADE                    0000008B
ACKDT                             00000005
ACKEN                             00000004
ACKSTAT                           00000006
ADCON0                            0000001F
ADCON1                            0000009F
ADCS0                             00000006
ADCS1                             00000007
ADCS2                             00000006
ADDEN                             00000003
ADFM                              00000007
ADIE                              00000006
ADIF                              00000006
ADON                              00000000
ADRESH                            0000001E
ADRESL                            0000009E
BANK0                             BCF STATUS,RP0
BANK1                             BSF STATUS,RP0
BCLIE                             00000003
BCLIF                             00000003
BF                                00000000
BRGH                              00000002
BUSCA_CODIGO                      0000001B
BUSCA_CODIGO2                     00000026
B_INICIAR                         PORTB,0
B_INICIAR_PRESS                   0000006E
B_PARAR                           PORTB,1
B_PARAR_PRESS                     00000065
B_ZERAR                           PORTB,2
C                                 00000000
C1INV                             00000004
C1OUT                             00000006
C2INV                             00000005
C2OUT                             00000007
CCP1CON                           00000017
CCP1IE                            00000002
CCP1IF                            00000002
CCP1M0                            00000000
CCP1M1                            00000001
CCP1M2                            00000002
CCP1M3                            00000003
CCP1X                             00000005
CCP1Y                             00000004
CCP2CON                           0000001D
CCP2IE                            00000000
CCP2IF                            00000000
CCP2M0                            00000000
CCP2M1                            00000001
CCP2M2                            00000002
MPASM 5.71              NEWPIC_8B_SIMPLE.ASM   4-12-2024  15:15:25         PAGE  7


SYMBOL TABLE
  LABEL                             VALUE 

CCP2M3                            00000003
CCP2X                             00000005
CCP2Y                             00000004
CCPR1                             00000015
CCPR1H                            00000016
CCPR1L                            00000015
CCPR2                             0000001B
CCPR2H                            0000001C
CCPR2L                            0000001B
CENTENA                           00000024
CHS0                              00000003
CHS1                              00000004
CHS2                              00000005
CIS                               00000003
CKE                               00000006
CKP                               00000004
CM0                               00000000
CM1                               00000001
CM2                               00000002
CMCON                             0000009C
CMIE                              00000006
CMIF                              00000006
CONTADOR                          00000028
CONTADOR2                         00000021
CONTANDO                          FLAGS,3
CREN                              00000004
CSRC                              00000007
CVR0                              00000000
CVR1                              00000001
CVR2                              00000002
CVR3                              00000003
CVRCON                            0000009D
CVREN                             00000007
CVROE                             00000006
CVRR                              00000005
D                                 00000005
DATA_ADDRESS                      00000005
DC                                00000001
DEZENA                            00000023
DISPLAYS                          PORTD
D_A                               00000005
D_CENTENA                         PORTB,6
D_DEZENA                          PORTB,5
D_MILHAR                          PORTB,7
D_NOT_A                           00000005
D_UNIDADE                         PORTB,4
EEADR                             0000010D
EEADRH                            0000010F
EECON1                            0000018C
EECON2                            0000018D
EEDATA                            0000010C
EEDATH                            0000010E
EEIE                              00000004
MPASM 5.71              NEWPIC_8B_SIMPLE.ASM   4-12-2024  15:15:25         PAGE  8


SYMBOL TABLE
  LABEL                             VALUE 

EEIF                              00000004
EEPGD                             00000007
F                                 00000001
FERR                              00000002
FIM_LED                           FLAGS,4
FIM_TEMPO                         FLAGS,2
FLAGS                             00000020
FSR                               00000004
GCEN                              00000007
GIE                               00000007
GO                                00000002
GO_DONE                           00000002
GO_NOT_DONE                       00000002
I2C_DATA                          00000005
I2C_READ                          00000002
I2C_START                         00000003
I2C_STOP                          00000004
IBF                               00000007
IBOV                              00000005
INDF                              00000000
INICIO                            00000031
INTCON                            0000000B
INTE                              00000004
INTEDG                            00000006
INTF                              00000001
INT_ATIVA                         FLAGS,1
IRP                               00000007
JA_LI                             FLAGS,0
LACO_PRINCIPAL                    00000042
MILHAR                            00000025
NOT_A                             00000005
NOT_ADDRESS                       00000005
NOT_BO                            00000000
NOT_BOR                           00000000
NOT_DONE                          00000002
NOT_PD                            00000003
NOT_POR                           00000001
NOT_RBPU                          00000007
NOT_RC8                           00000006
NOT_T1SYNC                        00000002
NOT_TO                            00000004
NOT_TX8                           00000006
NOT_W                             00000002
NOT_WRITE                         00000002
OBF                               00000006
OERR                              00000001
OPTION_REG                        00000081
P                                 00000004
PARADO                            00000067
PCFG0                             00000000
PCFG1                             00000001
PCFG2                             00000002
PCFG3                             00000003
MPASM 5.71              NEWPIC_8B_SIMPLE.ASM   4-12-2024  15:15:25         PAGE  9


SYMBOL TABLE
  LABEL                             VALUE 

PCL                               00000002
PCLATH                            0000000A
PCON                              0000008E
PEIE                              00000006
PEN                               00000002
PIE1                              0000008C
PIE2                              0000008D
PIR1                              0000000C
PIR2                              0000000D
PORTA                             00000005
PORTB                             00000006
PORTC                             00000007
PORTD                             00000008
PORTE                             00000009
PR2                               00000092
PS0                               00000000
PS1                               00000001
PS2                               00000002
PSA                               00000003
PSPIE                             00000007
PSPIF                             00000007
PSPMODE                           00000004
R                                 00000002
RA0                               00000000
RA1                               00000001
RA2                               00000002
RA3                               00000003
RA4                               00000004
RA5                               00000005
RB0                               00000000
RB1                               00000001
RB2                               00000002
RB3                               00000003
RB4                               00000004
RB5                               00000005
RB6                               00000006
RB7                               00000007
RBIE                              00000003
RBIF                              00000000
RC0                               00000000
RC1                               00000001
RC2                               00000002
RC3                               00000003
RC4                               00000004
RC5                               00000005
RC6                               00000006
RC7                               00000007
RC8_9                             00000006
RC9                               00000006
RCD8                              00000000
RCEN                              00000003
RCIE                              00000005
RCIF                              00000005
MPASM 5.71              NEWPIC_8B_SIMPLE.ASM   4-12-2024  15:15:25         PAGE 10


SYMBOL TABLE
  LABEL                             VALUE 

RCREG                             0000001A
RCSTA                             00000018
RD                                00000000
RD0                               00000000
RD1                               00000001
RD2                               00000002
RD3                               00000003
RD4                               00000004
RD5                               00000005
RD6                               00000006
RD7                               00000007
RE0                               00000000
RE1                               00000001
RE2                               00000002
READ_WRITE                        00000002
RP0                               00000005
RP1                               00000006
RSEN                              00000001
RX9                               00000006
RX9D                              00000000
R_NOT_W                           00000002
R_W                               00000002
S                                 00000003
SAI_INTERRUPCAO                   00000017
SEN                               00000000
SMP                               00000007
SPBRG                             00000099
SPEN                              00000007
SREN                              00000005
SSPADD                            00000093
SSPBUF                            00000013
SSPCON                            00000014
SSPCON2                           00000091
SSPEN                             00000005
SSPIE                             00000003
SSPIF                             00000003
SSPM0                             00000000
SSPM1                             00000001
SSPM2                             00000002
SSPM3                             00000003
SSPOV                             00000006
SSPSTAT                           00000094
STATUS                            00000003
STATUS_TEMP                       00000027
SYNC                              00000004
T0CS                              00000005
T0IE                              00000005
T0IF                              00000002
T0SE                              00000004
T1CKPS0                           00000004
T1CKPS1                           00000005
T1CON                             00000010
T1INSYNC                          00000002
MPASM 5.71              NEWPIC_8B_SIMPLE.ASM   4-12-2024  15:15:25         PAGE 11


SYMBOL TABLE
  LABEL                             VALUE 

T1OSCEN                           00000003
T1SYNC                            00000002
T2CKPS0                           00000000
T2CKPS1                           00000001
T2CON                             00000012
TMR0                              00000001
TMR0IE                            00000005
TMR0IF                            00000002
TMR1                              0000000E
TMR1CS                            00000001
TMR1H                             0000000F
TMR1IE                            00000000
TMR1IF                            00000000
TMR1L                             0000000E
TMR1ON                            00000000
TMR2                              00000011
TMR2IE                            00000001
TMR2IF                            00000001
TMR2ON                            00000002
TOUTPS0                           00000003
TOUTPS1                           00000004
TOUTPS2                           00000005
TOUTPS3                           00000006
TRISA                             00000085
TRISA0                            00000000
TRISA1                            00000001
TRISA2                            00000002
TRISA3                            00000003
TRISA4                            00000004
TRISA5                            00000005
TRISB                             00000086
TRISB0                            00000000
TRISB1                            00000001
TRISB2                            00000002
TRISB3                            00000003
TRISB4                            00000004
TRISB5                            00000005
TRISB6                            00000006
TRISB7                            00000007
TRISC                             00000087
TRISC0                            00000000
TRISC1                            00000001
TRISC2                            00000002
TRISC3                            00000003
TRISC4                            00000004
TRISC5                            00000005
TRISC6                            00000006
TRISC7                            00000007
TRISD                             00000088
TRISD0                            00000000
TRISD1                            00000001
TRISD2                            00000002
TRISD3                            00000003
MPASM 5.71              NEWPIC_8B_SIMPLE.ASM   4-12-2024  15:15:25         PAGE 12


SYMBOL TABLE
  LABEL                             VALUE 

TRISD4                            00000004
TRISD5                            00000005
TRISD6                            00000006
TRISD7                            00000007
TRISE                             00000089
TRISE0                            00000000
TRISE1                            00000001
TRISE2                            00000002
TRMT                              00000001
TROCA_DISPLAY                     0000007A
TROCA_LED                         00000076
TX8_9                             00000006
TX9                               00000006
TX9D                              00000000
TXD8                              00000000
TXEN                              00000005
TXIE                              00000004
TXIF                              00000004
TXREG                             00000019
TXSTA                             00000098
UA                                00000001
UNIDADE                           00000022
V_CONT                            0000007D
V_CONT2                           00000002
V_FILTRO                          00000064
V_TMR0                            00000006
W                                 00000000
WCOL                              00000007
WR                                00000001
WREN                              00000002
WRERR                             00000003
W_TEMP                            00000026
Z                                 00000002
_BODEN_OFF                        00003FBF
_BODEN_ON                         00003FFF
_BOREN_OFF                        00003FBF
_BOREN_ON                         00003FFF
_CONFIG                           00002007
_CPD_OFF                          00003FFF
_CPD_ON                           00003EFF
_CP_ALL                           00001FFF
_CP_OFF                           00003FFF
_CP_ON                            00001FFF
_DEBUG_OFF                        00003FFF
_DEBUG_ON                         000037FF
_DEVID1                           00002006
_FOSC_EXTRC                       00003FFF
_FOSC_HS                          00003FFE
_FOSC_LP                          00003FFC
_FOSC_XT                          00003FFD
_HS_OSC                           00003FFE
_IDLOC0                           00002000
_IDLOC1                           00002001
MPASM 5.71              NEWPIC_8B_SIMPLE.ASM   4-12-2024  15:15:25         PAGE 13


SYMBOL TABLE
  LABEL                             VALUE 

_IDLOC2                           00002002
_IDLOC3                           00002003
_LP_OSC                           00003FFC
_LVP_OFF                          00003F7F
_LVP_ON                           00003FFF
_PWRTE_OFF                        00003FFF
_PWRTE_ON                         00003FF7
_RC_OSC                           00003FFF
_WDTE_OFF                         00003FFB
_WDTE_ON                          00003FFF
_WDT_OFF                          00003FFB
_WDT_ON                           00003FFF
_WRT_1FOURTH                      00003BFF
_WRT_256                          00003DFF
_WRT_HALF                         000039FF
_WRT_OFF                          00003FFF
_XT_OSC                           00003FFD
__16F877A                         00000001

Errors   :     0
Warnings :     0 reported,     0 suppressed
Messages :     3 reported,     0 suppressed

