MPASM 5.71              NEWPIC_8B_SIMPLE.ASM   3-18-2024  17:54:18         PAGE  1


LOC  OBJECT CODE     LINE SOURCE TEXT
  VALUE

                      00001 ; PIC16F628A Configuration Bit Settings
                      00002 ; Assembly source line config statements
                      00003 #include "p16f628a.inc"
                      00001         LIST
                      00002 
                      00003 ;==========================================================================
                      00004 ; Build date : Nov 17 2016
                      00005 ;  MPASM PIC16F628A processor include
                      00006 ; 
                      00007 ;  (c) Copyright 1999-2016 Microchip Technology, All rights reserved
                      00008 ;==========================================================================
                      00009 
                      00386         LIST
                      00004 ; CONFIG
                      00005 ; __config 0xFF70
2007   3F70           00006  __CONFIG _FOSC_INTOSCIO & _WDTE_OFF & _PWRTE_ON & _MCLRE_ON & _BOREN_ON & _LVP_OFF & _CPD_OFF & _CP_OFF
                      00007 ;nomeando posição da memória RAM
                      00008  CBLOCK 0x20
  00000020            00009     FLAGS       ;0x20
  00000021            00010     FILTRO      ;0x21
  00000022            00011     UNIDADE     ;0x22
                      00012  ENDC
                      00013  
                      00014 ;entradas
                      00015 #define     BOTAO2   PORTA,2
                      00016 #define     BOTAO3   PORTA,3
                      00017 #define     BOTAO1   PORTA,1
                      00018 
                      00019 ;saídas
                      00020 #define     NUMERO  PORTB
                      00021 
                      00022 ;variáveis
                      00023 #define    JA_LI   FLAGS,0
                      00024  
                      00025 ;constantes 
  00000064            00026 V_FILTRO   equ      .100
                      00027 
                      00028 ;=== programa ==============
                      00029 RES_VECT  CODE    0x0000    ;vetor de reset, indica a posição inicial do programa na FLASH
0000   1683           00030     BSF     STATUS,RP0      ;seleciona o banco 1 da memória RAM
0001   3000           00031     MOVLW   B'00000000'     ;W =  B'11110000' (240)
Message[302]: Register in operand not in bank 0.  Ensure that bank bits are correct.
0002   0086           00032     MOVWF   TRISB           ;TRISB = B'11110000' (240)  
Message[302]: Register in operand not in bank 0.  Ensure that bank bits are correct.
0003   1005           00033     BCF TRISA,0 ; CONFIGURA O PINO A0 COMO SAIDA
0004   1283           00034     BCF     STATUS,RP0      ;seleciona o banco 0 da memória RAM
0005   01A2           00035     CLRF    UNIDADE         ;UNIDADE = 0
0006   0822           00036     MOVF    UNIDADE,W       ;W = UNIDADE
0007   2???           00037     CALL    ESCREVE_DISPLAY ;chama a subrotina para escrever no display
0008                  00038 ZERA_JA_LI    
0008   1020           00039     BCF     JA_LI           ;zera a variável JA_LI
0009   3064           00040     MOVLW   V_FILTRO        ;W = V_FILTRO
000A   00A1           00041     MOVWF   FILTRO          ;FILTRO = V_FILTRO
MPASM 5.71              NEWPIC_8B_SIMPLE.ASM   3-18-2024  17:54:18         PAGE  2


LOC  OBJECT CODE     LINE SOURCE TEXT
  VALUE

                      00042     
000B                  00043 FOI1
000B   1885           00044     BTFSC   BOTAO1          ;lê e testa o bit 1 do PORTA
000C   2???           00045     GOTO    FOI2
000D   2???           00046     CALL    LE_BOTAO1
                      00047     
000E                  00048 FOI2
000E   1905           00049     BTFSC   BOTAO2          ;lê e testa o bit 1 do PORTA
000F   2???           00050     GOTO    FOI3
0010   2???           00051     CALL    LE_BOTAO2
                      00052     
                      00053 
0011                  00054 FOI3
0011   1985           00055     BTFSC   BOTAO3          ;lê e testa o bit 1 do PORTA
0012   2???           00056     GOTO    FOI1
0013   2???           00057     CALL    LE_BOTAO3
                      00058     
0014                  00059 LE_BOTAO1
0014   01A2           00060     CLRF    UNIDADE         ;UNIDADE = 0
0015   2???           00061     CALL    ESCREVE_DISPLAY ;chama a subrotina para escrever no display
0016   0008           00062     RETURN
                      00063     
0017                  00064 LE_BOTAO2
0017   1905           00065     BTFSC   BOTAO2          ;lê e testa o bit 1 do PORTA
0018   2???           00066     GOTO    ZERA_JA_LI      ;se "1" pula para ZERA_JA_LI
0019   1820           00067     BTFSC   JA_LI           ;testa o JA_LI
001A   2???           00068     GOTO    LE_BOTAO2       ;se "1", pula para LE_BOTAO   
001B   0BA1           00069     DECFSZ  FILTRO,F        ;decrementa FILTRO e testa se é igual a 0
001C   2???           00070     GOTO    LE_BOTAO2       ;se não for zero, pula para LE_BOTAO
001D   1420           00071     BSF     JA_LI           ;JA_LI = 1       
001E   0AA2           00072     INCF    UNIDADE,F       ; UNIDADE++
001F   300A           00073     MOVLW   .10             ;W = 10 (B'00001010' ou 0x0A)
0020   0222           00074     SUBWF   UNIDADE,W       ;W = UNIDADE - W
0021   1803           00075     BTFSC   STATUS,C        ;testa se o resultado é negativo
0022   01A2           00076     CLRF    UNIDADE         ;UNIDADE = 0
0023   0822           00077     MOVF    UNIDADE,W       ;W = UNIDADE
0024   2???           00078     CALL    ESCREVE_DISPLAY ;chama a subrotina para escrever no display
0025   2???           00079     GOTO    LE_BOTAO2       ;pula para LE_BOTAO
0026   0008           00080     RETURN
                      00081     
0027                  00082 LE_BOTAO3
0027   1985           00083     BTFSC   BOTAO3          ;lê e testa o bit 1 do PORTA
0028   2???           00084     GOTO    ZERA_JA_LI      ;se "1" pula para ZERA_JA_LI
0029   1820           00085     BTFSC   JA_LI           ;testa o JA_LI
002A   2???           00086     GOTO    LE_BOTAO3       ;se "1", pula para LE_BOTAO   
002B   0BA1           00087     DECFSZ  FILTRO,F        ;decrementa FILTRO e testa se é igual a 0
002C   2???           00088     GOTO    LE_BOTAO3       ;se não for zero, pula para LE_BOTAO
002D   1420           00089     BSF     JA_LI           ;JA_LI = 1       
002E   03A2           00090     DECF    UNIDADE,F       ; UNIDADE--
002F   300A           00091     MOVLW   .10             ;W = 10 (B'00001010' ou 0x0A)
0030   0222           00092     SUBWF   UNIDADE,W       ;W = UNIDADE - W
0031   1803           00093     BTFSC   STATUS,C        ;testa se o resultado é negativo
0032   2???           00094     CALL    _9
MPASM 5.71              NEWPIC_8B_SIMPLE.ASM   3-18-2024  17:54:18         PAGE  3


LOC  OBJECT CODE     LINE SOURCE TEXT
  VALUE

0033   0822           00095     MOVF    UNIDADE,W       ;W = UNIDADE
0034   2???           00096     CALL    ESCREVE_DISPLAY ;chama a subrotina para escrever no display
0035   2???           00097     GOTO    LE_BOTAO3       ;pula para LE_BOTAO
0036                  00098 _9
0036   3009           00099     MOVLW   .9
0037   00A2           00100     MOVWF    UNIDADE
0038   0008           00101     RETURN
0039                  00102 ESCREVE_DISPLAY
0039   2???           00103     CALL    BUSCA_CODIGO    ;chama a subrotina para buscar o código de 7 segmentos
003A   0086           00104     MOVWF   NUMERO          ;NUMERO = w (código de 7 segmentos)
003B   0008           00105     RETURN                  ;retorna da chamada de subrotina
003C                  00106 BUSCA_CODIGO
003C   0782           00107     ADDWF   PCL,F           
003D   34FE           00108     RETLW   .254    
003E   3438           00109     RETLW   .56
003F   34DD           00110     RETLW   .221
0040   347D           00111     RETLW   .125
0041   343B           00112     RETLW   .59
0042   3477           00113     RETLW   .119
0043   34F7           00114     RETLW   .247
0044   343C           00115     RETLW   .60
0045   34FF           00116     RETLW   .255
0046   347F           00117     RETLW   .127
                      00118     
3F70                  00119     END
MPASM 5.71              NEWPIC_8B_SIMPLE.ASM   3-18-2024  17:54:18         PAGE  4


SYMBOL TABLE
  LABEL                             VALUE 

ADDEN                             00000003
ADEN                              00000003
BOTAO1                            PORTA,1
BOTAO2                            PORTA,2
BOTAO3                            PORTA,3
BRGH                              00000002
BUSCA_CODIGO                      0000003C
C                                 00000000
C1INV                             00000004
C1OUT                             00000006
C2INV                             00000005
C2OUT                             00000007
CCP1CON                           00000017
CCP1IE                            00000002
CCP1IF                            00000002
CCP1M0                            00000000
CCP1M1                            00000001
CCP1M2                            00000002
CCP1M3                            00000003
CCP1X                             00000005
CCP1Y                             00000004
CCPR1                             00000015
CCPR1H                            00000016
CCPR1L                            00000015
CIS                               00000003
CM0                               00000000
CM1                               00000001
CM2                               00000002
CMCON                             0000001F
CMIE                              00000006
CMIF                              00000006
CREN                              00000004
CSRC                              00000007
DATA_CP_OFF                       00003FFF
DATA_CP_ON                        00003EFF
DC                                00000001
EEADR                             0000009B
EECON1                            0000009C
EECON2                            0000009D
EEDATA                            0000009A
EEIE                              00000007
EEIF                              00000007
ESCREVE_DISPLAY                   00000039
F                                 00000001
FERR                              00000002
FILTRO                            00000021
FLAGS                             00000020
FOI1                              0000000B
FOI2                              0000000E
FOI3                              00000011
FSR                               00000004
GIE                               00000007
INDF                              00000000
MPASM 5.71              NEWPIC_8B_SIMPLE.ASM   3-18-2024  17:54:18         PAGE  5


SYMBOL TABLE
  LABEL                             VALUE 

INTCON                            0000000B
INTE                              00000004
INTEDG                            00000006
INTF                              00000001
IRP                               00000007
JA_LI                             FLAGS,0
LE_BOTAO1                         00000014
LE_BOTAO2                         00000017
LE_BOTAO3                         00000027
NOT_BO                            00000000
NOT_BOD                           00000000
NOT_BOR                           00000000
NOT_PD                            00000003
NOT_POR                           00000001
NOT_RBPU                          00000007
NOT_T1SYNC                        00000002
NOT_TO                            00000004
NUMERO                            PORTB
OERR                              00000001
OPTION_REG                        00000081
OSCF                              00000003
PCL                               00000002
PCLATH                            0000000A
PCON                              0000008E
PEIE                              00000006
PIE1                              0000008C
PIR1                              0000000C
PORTA                             00000005
PORTB                             00000006
PR2                               00000092
PS0                               00000000
PS1                               00000001
PS2                               00000002
PSA                               00000003
RA0                               00000000
RA1                               00000001
RA2                               00000002
RA3                               00000003
RA4                               00000004
RA5                               00000005
RA6                               00000006
RA7                               00000007
RB0                               00000000
RB1                               00000001
RB2                               00000002
RB3                               00000003
RB4                               00000004
RB5                               00000005
RB6                               00000006
RB7                               00000007
RBIE                              00000003
RBIF                              00000000
RCIE                              00000005
MPASM 5.71              NEWPIC_8B_SIMPLE.ASM   3-18-2024  17:54:18         PAGE  6


SYMBOL TABLE
  LABEL                             VALUE 

RCIF                              00000005
RCREG                             0000001A
RCSTA                             00000018
RD                                00000000
RP0                               00000005
RP1                               00000006
RX9                               00000006
RX9D                              00000000
SPBRG                             00000099
SPEN                              00000007
SREN                              00000005
STATUS                            00000003
SYNC                              00000004
T0CS                              00000005
T0IE                              00000005
T0IF                              00000002
T0SE                              00000004
T1CKPS0                           00000004
T1CKPS1                           00000005
T1CON                             00000010
T1OSCEN                           00000003
T2CKPS0                           00000000
T2CKPS1                           00000001
T2CON                             00000012
TMR0                              00000001
TMR0IE                            00000005
TMR0IF                            00000002
TMR1                              0000000E
TMR1CS                            00000001
TMR1H                             0000000F
TMR1IE                            00000000
TMR1IF                            00000000
TMR1L                             0000000E
TMR1ON                            00000000
TMR2                              00000011
TMR2IE                            00000001
TMR2IF                            00000001
TMR2ON                            00000002
TOUTPS0                           00000003
TOUTPS1                           00000004
TOUTPS2                           00000005
TOUTPS3                           00000006
TRISA                             00000085
TRISA0                            00000000
TRISA1                            00000001
TRISA2                            00000002
TRISA3                            00000003
TRISA4                            00000004
TRISA5                            00000005
TRISA6                            00000006
TRISA7                            00000007
TRISB                             00000086
TRISB0                            00000000
MPASM 5.71              NEWPIC_8B_SIMPLE.ASM   3-18-2024  17:54:18         PAGE  7


SYMBOL TABLE
  LABEL                             VALUE 

TRISB1                            00000001
TRISB2                            00000002
TRISB3                            00000003
TRISB4                            00000004
TRISB5                            00000005
TRISB6                            00000006
TRISB7                            00000007
TRMT                              00000001
TX9                               00000006
TX9D                              00000000
TXEN                              00000005
TXIE                              00000004
TXIF                              00000004
TXREG                             00000019
TXSTA                             00000098
UNIDADE                           00000022
VR0                               00000000
VR1                               00000001
VR2                               00000002
VR3                               00000003
VRCON                             0000009F
VREN                              00000007
VROE                              00000006
VRR                               00000005
V_FILTRO                          00000064
W                                 00000000
WR                                00000001
WREN                              00000002
WRERR                             00000003
Z                                 00000002
ZERA_JA_LI                        00000008
_9                                00000036
_BODEN_OFF                        00003FBF
_BODEN_ON                         00003FFF
_BOREN_OFF                        00003FBF
_BOREN_ON                         00003FFF
_CONFIG                           00002007
_CPD_OFF                          00003FFF
_CPD_ON                           00003EFF
_CP_OFF                           00003FFF
_CP_ON                            00001FFF
_DEVID1                           00002006
_ER_OSC_CLKOUT                    00003FFF
_ER_OSC_NOCLKOUT                  00003FFE
_EXTCLK_OSC                       00003FEF
_FOSC_ECIO                        00003FEF
_FOSC_EXTRCCLK                    00003FFF
_FOSC_EXTRCIO                     00003FFE
_FOSC_HS                          00003FEE
_FOSC_INTOSCCLK                   00003FFD
_FOSC_INTOSCIO                    00003FFC
_FOSC_LP                          00003FEC
_FOSC_XT                          00003FED
MPASM 5.71              NEWPIC_8B_SIMPLE.ASM   3-18-2024  17:54:18         PAGE  8


SYMBOL TABLE
  LABEL                             VALUE 

_HS_OSC                           00003FEE
_IDLOC0                           00002000
_IDLOC1                           00002001
_IDLOC2                           00002002
_IDLOC3                           00002003
_INTOSC_OSC_CLKOUT                00003FFD
_INTOSC_OSC_NOCLKOUT              00003FFC
_INTRC_OSC_CLKOUT                 00003FFD
_INTRC_OSC_NOCLKOUT               00003FFC
_LP_OSC                           00003FEC
_LVP_OFF                          00003F7F
_LVP_ON                           00003FFF
_MCLRE_OFF                        00003FDF
_MCLRE_ON                         00003FFF
_PWRTE_OFF                        00003FFF
_PWRTE_ON                         00003FF7
_RC_OSC_CLKOUT                    00003FFF
_RC_OSC_NOCLKOUT                  00003FFE
_WDTE_OFF                         00003FFB
_WDTE_ON                          00003FFF
_WDT_OFF                          00003FFB
_WDT_ON                           00003FFF
_XT_OSC                           00003FED
__16F628A                         00000001

Errors   :     0
Warnings :     0 reported,     0 suppressed
Messages :     2 reported,     0 suppressed

