MPASM 5.71              NEWPIC_8B_SIMPLE.ASM   3-19-2024  17:27:13         PAGE  1


LOC  OBJECT CODE     LINE SOURCE TEXT
  VALUE

                      00001 ; PIC16F628A Configuration Bit Settings
                      00002 ; Assembly source line config statements
                      00003 #include "p16f628a.inc"
                      00001         LIST
                      00002 
                      00003 ;==========================================================================
                      00004 ; Build date : Nov 17 2016
                      00005 ;  MPASM PIC16F628A processor include
                      00006 ; 
                      00007 ;  (c) Copyright 1999-2016 Microchip Technology, All rights reserved
                      00008 ;==========================================================================
                      00009 
                      00386         LIST
                      00004 ; CONFIG
                      00005 ; __config 0xFF70
2007   3F70           00006  __CONFIG _FOSC_INTOSCIO & _WDTE_OFF & _PWRTE_ON & _MCLRE_ON & _BOREN_ON & _LVP_OFF & _CPD_OFF & _CP_OFF
                      00007 
                      00008  #define BANK0  BCF STATUS,RP0
                      00009  #define BANK1  BSF STATUS,RP0
                      00010  
                      00011  ;nomeando posição da memória RAM
                      00012  CBLOCK 0x20
  00000020            00013     DELAY_1     ;0x20
  00000021            00014     DELAY_2     ;0x21
  00000022            00015     DELAY_3
  00000023            00016     DELAY_4
                      00017  ENDC
                      00018  
                      00019 ;saídas
                      00020 #define     LED      PORTA,0
                      00021 #define     BOTAO2   PORTA,2
                      00022 #define     BOTAO3   PORTA,3
                      00023 #define     BOTAO1   PORTA,1
                      00024  
                      00025 ;constantes 
  0000007D            00026 V_DELAY_1   equ     .125
  000000FA            00027 V_DELAY_2   equ     .250
  0000004B            00028 V_DELAY_3   equ     .75
  00000096            00029 V_DELAY_4   equ     .150
                      00030 ;=== programa ==============
                      00031 RES_VECT  CODE    0x0000    ;vetor de reset, indica a posição inicial do programa na FLASH
0000   1683           00032     BANK1                   ;seleciona o banco 1 da memória RAM
Message[302]: Register in operand not in bank 0.  Ensure that bank bits are correct.
0001   1005           00033     BCF     TRISA,0         ;configura o bir 0 do PORTA como saída
0002   1283           00034     BANK0                   ;seleciona o banco 0 da memória RAM
                      00035     
0003                  00036 FOI3
0003   1985           00037     BTFSC   BOTAO3          ;lê e testa o bit 1 do PORTA
0004   2???           00038     GOTO    FOI1
0005   1005           00039     BCF     LED             ;apaga a lâmpada conectada no pino 0 do PORTA
0006                  00040 FOI1
0006   1885           00041     BTFSC   BOTAO1          ;lê e testa o bit 1 do PORTA
0007   2???           00042     GOTO    FOI2
MPASM 5.71              NEWPIC_8B_SIMPLE.ASM   3-19-2024  17:27:13         PAGE  2


LOC  OBJECT CODE     LINE SOURCE TEXT
  VALUE

0008   2???           00043     GOTO    LOOP1
0009   2???           00044     GOTO    FOI2  ;pula para repetir
000A                  00045 FOI2
000A   1905           00046     BTFSC   BOTAO2          ;lê e testa o bit 1 do PORTA
000B   2???           00047     GOTO    FOI3
000C   2???           00048     GOTO    LOOP2
000D   2???           00049     GOTO    FOI3  ;pula para repetir
                      00050 
000E                  00051 LOOP1
000E   1D85           00052     BTFSS   BOTAO3          ;lê e testa o bit 1 do PORTA
000F   2???           00053     GOTO    FOI3
0010   1405           00054     BSF     LED             ;liga a lâmpada conectada no pino 0 do PORTA
0011   2???           00055     CALL    DELAY_500MS     ;chama a subrotina de delay
0012   1005           00056     BCF     LED             ;apaga a lâmpada conectada no pino 0 do PORTA
0013   2???           00057     CALL    DELAY_500MS     ;chama a subrotina de delay
0014   2???           00058     GOTO    LOOP1
                      00059     
0015                  00060 LOOP2
0015   1D85           00061     BTFSS   BOTAO3          ;lê e testa o bit 1 do PORTA
0016   2???           00062     GOTO    FOI3
0017   1405           00063     BSF     LED             ;liga a lâmpada conectada no pino 0 do PORTA
0018   2???           00064     CALL    DELAY_200MS     ;chama a subrotina de delay
0019   1005           00065     BCF     LED             ;apaga a lâmpada conectada no pino 0 do PORTA
001A   2???           00066     CALL    DELAY_200MS     ;chama a subrotina de delay
001B   2???           00067     GOTO    LOOP2
001C                  00068 DELAY_500MS
001C   307D           00069     MOVLW   V_DELAY_1           ;W = V_DELAY_1                          (1)
001D   00A0           00070     MOVWF   DELAY_1             ;DELAY_1 = V_DELAY_1                    (1)
001E                  00071 CARREGA_DELAY_2
001E   30FA           00072     MOVLW   V_DELAY_2           ;W = V_DELAY_2                          (1)
001F   00A1           00073     MOVWF   DELAY_2             ;DELAY_2 = V_DELAY_2                    (1)
0020                  00074 DECREMENTA_DELAY_2 
0020   0000           00075     NOP
0021   0000           00076     NOP
0022   0000           00077     NOP
0023   0000           00078     NOP
0024   0000           00079     NOP
0025   0BA1           00080     DECFSZ  DELAY_2,F           ;decrementa e testa se DELAY_2 zerou    (1/2)
0026   2???           00081     GOTO    DECREMENTA_DELAY_2  ;se não zerou, decrementa de novo       (2)
0027   0BA0           00082     DECFSZ  DELAY_1,F           ;decrementa e testa se DELAY_1 zerou    (1/2)
0028   2???           00083     GOTO    CARREGA_DELAY_2     ;se não zerou, repete tudo              (2)
0029   0008           00084     RETURN                      ;                                       (2)
                      00085     
002A                  00086 DELAY_200MS
002A   304B           00087     MOVLW   V_DELAY_3           ;W = V_DELAY_1                          (1)
002B   00A2           00088     MOVWF   DELAY_3             ;DELAY_1 = V_DELAY_1                    (1)
002C                  00089 CARREGA_DELAY_4
002C   3096           00090     MOVLW   V_DELAY_4           ;W = V_DELAY_2                          (1)
002D   00A3           00091     MOVWF   DELAY_4             ;DELAY_2 = V_DELAY_2                    (1)
002E                  00092 DECREMENTA_DELAY_4 
002E   0000           00093     NOP
002F   0000           00094     NOP
0030   0000           00095     NOP
MPASM 5.71              NEWPIC_8B_SIMPLE.ASM   3-19-2024  17:27:13         PAGE  3


LOC  OBJECT CODE     LINE SOURCE TEXT
  VALUE

0031   0000           00096     NOP
0032   0000           00097     NOP
0033   0BA3           00098     DECFSZ  DELAY_4,F           ;decrementa e testa se DELAY_2 zerou    (1/2)
0034   2???           00099     GOTO    DECREMENTA_DELAY_4  ;se não zerou, decrementa de novo       (2)
0035   0BA2           00100     DECFSZ  DELAY_3,F           ;decrementa e testa se DELAY_1 zerou    (1/2)
0036   2???           00101     GOTO    CARREGA_DELAY_4     ;se não zerou, repete tudo              (2)
0037   0008           00102     RETURN                      ;                                       (2)
                      00103     
3F70                  00104     END
MPASM 5.71              NEWPIC_8B_SIMPLE.ASM   3-19-2024  17:27:13         PAGE  4


SYMBOL TABLE
  LABEL                             VALUE 

ADDEN                             00000003
ADEN                              00000003
BANK0                             BCF STATUS,RP0
BANK1                             BSF STATUS,RP0
BOTAO1                            PORTA,1
BOTAO2                            PORTA,2
BOTAO3                            PORTA,3
BRGH                              00000002
C                                 00000000
C1INV                             00000004
C1OUT                             00000006
C2INV                             00000005
C2OUT                             00000007
CARREGA_DELAY_2                   0000001E
CARREGA_DELAY_4                   0000002C
CCP1CON                           00000017
CCP1IE                            00000002
CCP1IF                            00000002
CCP1M0                            00000000
CCP1M1                            00000001
CCP1M2                            00000002
CCP1M3                            00000003
CCP1X                             00000005
CCP1Y                             00000004
CCPR1                             00000015
CCPR1H                            00000016
CCPR1L                            00000015
CIS                               00000003
CM0                               00000000
CM1                               00000001
CM2                               00000002
CMCON                             0000001F
CMIE                              00000006
CMIF                              00000006
CREN                              00000004
CSRC                              00000007
DATA_CP_OFF                       00003FFF
DATA_CP_ON                        00003EFF
DC                                00000001
DECREMENTA_DELAY_2                00000020
DECREMENTA_DELAY_4                0000002E
DELAY_1                           00000020
DELAY_2                           00000021
DELAY_200MS                       0000002A
DELAY_3                           00000022
DELAY_4                           00000023
DELAY_500MS                       0000001C
EEADR                             0000009B
EECON1                            0000009C
EECON2                            0000009D
EEDATA                            0000009A
EEIE                              00000007
EEIF                              00000007
MPASM 5.71              NEWPIC_8B_SIMPLE.ASM   3-19-2024  17:27:13         PAGE  5


SYMBOL TABLE
  LABEL                             VALUE 

F                                 00000001
FERR                              00000002
FOI1                              00000006
FOI2                              0000000A
FOI3                              00000003
FSR                               00000004
GIE                               00000007
INDF                              00000000
INTCON                            0000000B
INTE                              00000004
INTEDG                            00000006
INTF                              00000001
IRP                               00000007
LED                               PORTA,0
LOOP1                             0000000E
LOOP2                             00000015
NOT_BO                            00000000
NOT_BOD                           00000000
NOT_BOR                           00000000
NOT_PD                            00000003
NOT_POR                           00000001
NOT_RBPU                          00000007
NOT_T1SYNC                        00000002
NOT_TO                            00000004
OERR                              00000001
OPTION_REG                        00000081
OSCF                              00000003
PCL                               00000002
PCLATH                            0000000A
PCON                              0000008E
PEIE                              00000006
PIE1                              0000008C
PIR1                              0000000C
PORTA                             00000005
PORTB                             00000006
PR2                               00000092
PS0                               00000000
PS1                               00000001
PS2                               00000002
PSA                               00000003
RA0                               00000000
RA1                               00000001
RA2                               00000002
RA3                               00000003
RA4                               00000004
RA5                               00000005
RA6                               00000006
RA7                               00000007
RB0                               00000000
RB1                               00000001
RB2                               00000002
RB3                               00000003
RB4                               00000004
MPASM 5.71              NEWPIC_8B_SIMPLE.ASM   3-19-2024  17:27:13         PAGE  6


SYMBOL TABLE
  LABEL                             VALUE 

RB5                               00000005
RB6                               00000006
RB7                               00000007
RBIE                              00000003
RBIF                              00000000
RCIE                              00000005
RCIF                              00000005
RCREG                             0000001A
RCSTA                             00000018
RD                                00000000
RP0                               00000005
RP1                               00000006
RX9                               00000006
RX9D                              00000000
SPBRG                             00000099
SPEN                              00000007
SREN                              00000005
STATUS                            00000003
SYNC                              00000004
T0CS                              00000005
T0IE                              00000005
T0IF                              00000002
T0SE                              00000004
T1CKPS0                           00000004
T1CKPS1                           00000005
T1CON                             00000010
T1OSCEN                           00000003
T2CKPS0                           00000000
T2CKPS1                           00000001
T2CON                             00000012
TMR0                              00000001
TMR0IE                            00000005
TMR0IF                            00000002
TMR1                              0000000E
TMR1CS                            00000001
TMR1H                             0000000F
TMR1IE                            00000000
TMR1IF                            00000000
TMR1L                             0000000E
TMR1ON                            00000000
TMR2                              00000011
TMR2IE                            00000001
TMR2IF                            00000001
TMR2ON                            00000002
TOUTPS0                           00000003
TOUTPS1                           00000004
TOUTPS2                           00000005
TOUTPS3                           00000006
TRISA                             00000085
TRISA0                            00000000
TRISA1                            00000001
TRISA2                            00000002
TRISA3                            00000003
MPASM 5.71              NEWPIC_8B_SIMPLE.ASM   3-19-2024  17:27:13         PAGE  7


SYMBOL TABLE
  LABEL                             VALUE 

TRISA4                            00000004
TRISA5                            00000005
TRISA6                            00000006
TRISA7                            00000007
TRISB                             00000086
TRISB0                            00000000
TRISB1                            00000001
TRISB2                            00000002
TRISB3                            00000003
TRISB4                            00000004
TRISB5                            00000005
TRISB6                            00000006
TRISB7                            00000007
TRMT                              00000001
TX9                               00000006
TX9D                              00000000
TXEN                              00000005
TXIE                              00000004
TXIF                              00000004
TXREG                             00000019
TXSTA                             00000098
VR0                               00000000
VR1                               00000001
VR2                               00000002
VR3                               00000003
VRCON                             0000009F
VREN                              00000007
VROE                              00000006
VRR                               00000005
V_DELAY_1                         0000007D
V_DELAY_2                         000000FA
V_DELAY_3                         0000004B
V_DELAY_4                         00000096
W                                 00000000
WR                                00000001
WREN                              00000002
WRERR                             00000003
Z                                 00000002
_BODEN_OFF                        00003FBF
_BODEN_ON                         00003FFF
_BOREN_OFF                        00003FBF
_BOREN_ON                         00003FFF
_CONFIG                           00002007
_CPD_OFF                          00003FFF
_CPD_ON                           00003EFF
_CP_OFF                           00003FFF
_CP_ON                            00001FFF
_DEVID1                           00002006
_ER_OSC_CLKOUT                    00003FFF
_ER_OSC_NOCLKOUT                  00003FFE
_EXTCLK_OSC                       00003FEF
_FOSC_ECIO                        00003FEF
_FOSC_EXTRCCLK                    00003FFF
MPASM 5.71              NEWPIC_8B_SIMPLE.ASM   3-19-2024  17:27:13         PAGE  8


SYMBOL TABLE
  LABEL                             VALUE 

_FOSC_EXTRCIO                     00003FFE
_FOSC_HS                          00003FEE
_FOSC_INTOSCCLK                   00003FFD
_FOSC_INTOSCIO                    00003FFC
_FOSC_LP                          00003FEC
_FOSC_XT                          00003FED
_HS_OSC                           00003FEE
_IDLOC0                           00002000
_IDLOC1                           00002001
_IDLOC2                           00002002
_IDLOC3                           00002003
_INTOSC_OSC_CLKOUT                00003FFD
_INTOSC_OSC_NOCLKOUT              00003FFC
_INTRC_OSC_CLKOUT                 00003FFD
_INTRC_OSC_NOCLKOUT               00003FFC
_LP_OSC                           00003FEC
_LVP_OFF                          00003F7F
_LVP_ON                           00003FFF
_MCLRE_OFF                        00003FDF
_MCLRE_ON                         00003FFF
_PWRTE_OFF                        00003FFF
_PWRTE_ON                         00003FF7
_RC_OSC_CLKOUT                    00003FFF
_RC_OSC_NOCLKOUT                  00003FFE
_WDTE_OFF                         00003FFB
_WDTE_ON                          00003FFF
_WDT_OFF                          00003FFB
_WDT_ON                           00003FFF
_XT_OSC                           00003FED
__16F628A                         00000001

Errors   :     0
Warnings :     0 reported,     0 suppressed
Messages :     1 reported,     0 suppressed

